<?xml version="1.0" encoding="UTF-8"?>
<!-- Generated by org.testng.reporters.JUnitXMLReporter -->
<testsuite ignored="0" hostname="DESKTOP-LKA9B6H" failures="0" tests="1" name="Test" time="48.825" errors="0" timestamp="2023-07-27T17:09:52 IST">
  <testcase classname="genericutility.BaseClass" name="@BeforeClass configbc" time="48.615">
    <failure type="java.lang.NullPointerException">
      <![CDATA[java.lang.NullPointerException
at genericutility.BaseClass.configbc(BaseClass.java:24)
at java.base/java.util.ArrayList.forEach(ArrayList.java:1541)
... Removed 25 stack frames]]>
    </failure>
  </testcase> <!-- @BeforeClass configbc -->
  <testcase classname="genericutility.BaseClass" name="@AfterClass configac" time="-1.690457991798E9">
    <skipped/>
  </testcase> <!-- @AfterClass configac -->
  <testcase classname="practice.To_Lunch_Amazon" name="m1" time="0.0">
    <skipped/>
  </testcase> <!-- m1 -->
</testsuite> <!-- Test -->
