<?xml version="1.0" encoding="UTF-8"?>
<testng-results ignored="0" total="1" passed="1" failed="0" skipped="0">
  <reporter-output>
  </reporter-output>
  <suite started-at="2023-07-28T11:09:37 IST" name="Default suite" finished-at="2023-07-28T11:10:42 IST" duration-ms="65377">
    <groups>
    </groups>
    <test started-at="2023-07-28T11:09:37 IST" name="Default test" finished-at="2023-07-28T11:10:42 IST" duration-ms="65377">
      <class name="practice.To_Lunch_Amazon">
        <test-method is-config="true" signature="configbc()[pri:0, instance:practice.To_Lunch_Amazon@53fdffa1]" started-at="2023-07-28T11:09:37 IST" name="configbc" finished-at="2023-07-28T11:10:37 IST" duration-ms="60767" status="PASS">
          <reporter-output>
          </reporter-output>
        </test-method> <!-- configbc -->
        <test-method signature="m1()[pri:0, instance:practice.To_Lunch_Amazon@53fdffa1]" started-at="2023-07-28T11:10:37 IST" name="m1" finished-at="2023-07-28T11:10:37 IST" duration-ms="14" status="PASS">
          <reporter-output>
          </reporter-output>
        </test-method> <!-- m1 -->
        <test-method is-config="true" signature="configac()[pri:0, instance:practice.To_Lunch_Amazon@53fdffa1]" started-at="2023-07-28T11:10:37 IST" name="configac" finished-at="2023-07-28T11:10:42 IST" duration-ms="4511" status="PASS">
          <reporter-output>
          </reporter-output>
        </test-method> <!-- configac -->
      </class> <!-- practice.To_Lunch_Amazon -->
    </test> <!-- Default test -->
  </suite> <!-- Default suite -->
</testng-results>
